<?xml version="1.0" encoding="UTF-8"?>
<testsuite xmlns:xsi="http://www.w3.org/2001/XMLSchema-instance" xsi:noNamespaceSchemaLocation="https://maven.apache.org/surefire/maven-surefire-plugin/xsd/surefire-test-report.xsd" name="org.vishnu.webcalculator.core.CalculatorServiceImplTest" time="0.069" tests="12" errors="0" skipped="0" failures="0">
  <properties>
[...]
</properties>
  <testcase name="testAddToSuccessForPositiveInput" classname="org.vishnu.webcalculator.core.CalculatorServiceImplTest" time="0.022"/>
  <testcase name="testMultiplicationToSuccessForMixedInput" classname="org.vishnu.webcalculator.core.CalculatorServiceImplTest" time="0"/>
  <testcase name="testAddToSuccessForNegativeInput" classname="org.vishnu.webcalculator.core.CalculatorServiceImplTest" time="0.005"/>
  <testcase name="testSubstractToSuccessForPositiveInput" classname="org.vishnu.webcalculator.core.CalculatorServiceImplTest" time="0.001"/>
  <testcase name="testDivisionToSuccessForMixedInput" classname="org.vishnu.webcalculator.core.CalculatorServiceImplTest" time="0"/>
  <testcase name="testMultiplicationToSuccessForPositiveInput" classname="org.vishnu.webcalculator.core.CalculatorServiceImplTest" time="0.005"/>
  <testcase name="testSubstractToSuccessForNegativeInput" classname="org.vishnu.webcalculator.core.CalculatorServiceImplTest" time="0.002"/>
  <testcase name="testSubstractToSuccessForMixedInput" classname="org.vishnu.webcalculator.core.CalculatorServiceImplTest" time="0.002"/>
  <testcase name="testDivisionToSuccessForPositiveInput" classname="org.vishnu.webcalculator.core.CalculatorServiceImplTest" time="0.001"/>
  <testcase name="testMultiplicationToSuccessForNegativeInput" classname="org.vishnu.webcalculator.core.CalculatorServiceImplTest" time="0"/>
  <testcase name="testDivisionToSuccessForNegativeInput" classname="org.vishnu.webcalculator.core.CalculatorServiceImplTest" time="0.001"/>
  <testcase name="testAddToSuccessForMixedInput" classname="org.vishnu.webcalculator.core.CalculatorServiceImplTest" time="0"/>
</testsuite>